  2023-08-30 18:29:00 App\Listeners\SendNotificationFired ............ RUNNING
{"resp":"{\"status\":\"success\",\"message\":{\"key\":{\"remoteJid\":\"9711305799@c.us\",\"fromMe\":true,\"id\":\"BAE5977E3618EB6C\"},\"message\":{\"extendedTextMessage\":{\"text\":\"Thank you for booking with ref id - 122. We will shortly inform you about the confirmation of your table.\"}},\"messageTimestamp\":\"1693420144\"}}","error":""}  2023-08-30 18:29:05 App\Listeners\SendNotificationFired .... 4,219.76ms DONE
  2023-08-30 18:29:05 App\Listeners\SendNotificationFired ............ RUNNING
{"resp":"{\"status\":\"success\",\"message\":{\"key\":{\"remoteJid\":\"919999477551@c.us\",\"fromMe\":true,\"id\":\"BAE59D34CDA5F92C\"},\"message\":{\"extendedTextMessage\":{\"text\":\"Hi Vinay Kumar, New booking request recieved with ref id - 122 . Please take action on this booking id 122 http:\\\/\\\/narayan.rudras.in\\\/staff\\\/login.\"}},\"messageTimestamp\":\"1693420147\"}}","error":""}  2023-08-30 18:29:07 App\Listeners\SendNotificationFired .... 2,666.76ms DONE
  2023-09-01 04:23:39 App\Listeners\SendNotificationFired ............ RUNNING
{"resp":"{\"status\":\"success\",\"message\":{\"key\":{\"remoteJid\":\"919015060019@c.us\",\"fromMe\":true,\"id\":\"BAE528FD534383F5\"},\"message\":{\"extendedTextMessage\":{\"text\":\"Thank you for booking with ref id - 124. We will shortly inform you about the confirmation of your table.\"}},\"messageTimestamp\":\"1693542223\"}}","error":""}  2023-09-01 04:23:44 App\Listeners\SendNotificationFired .... 4,204.62ms DONE
  2023-09-01 04:23:44 App\Listeners\SendNotificationFired ............ RUNNING
{"resp":"{\"status\":\"success\",\"message\":{\"key\":{\"remoteJid\":\"919999477551@c.us\",\"fromMe\":true,\"id\":\"BAE5127939A83B07\"},\"message\":{\"extendedTextMessage\":{\"text\":\"Hi Vinay Kumar, New booking request recieved with ref id - 124 . Please take action on this booking id 124 http:\\\/\\\/narayan.rudras.in\\\/staff\\\/login.\"}},\"messageTimestamp\":\"1693542226\"}}","error":""}  2023-09-01 04:23:46 App\Listeners\SendNotificationFired .... 2,450.08ms DONE
  2023-09-01 04:23:46 App\Listeners\SendNotificationFired ............ RUNNING
{"resp":"{\"status\":\"success\",\"message\":{\"key\":{\"remoteJid\":\"919015060019@c.us\",\"fromMe\":true,\"id\":\"BAE5ACF00E932371\"},\"message\":{\"extendedTextMessage\":{\"text\":\"Thank you for booking with ref id - 125. We will shortly inform you about the confirmation of your table.\"}},\"messageTimestamp\":\"1693542228\"}}","error":""}  2023-09-01 04:23:49 App\Listeners\SendNotificationFired .... 2,556.21ms DONE
  2023-09-01 04:23:49 App\Listeners\SendNotificationFired ............ RUNNING
{"resp":"{\"status\":\"success\",\"message\":{\"key\":{\"remoteJid\":\"919999477551@c.us\",\"fromMe\":true,\"id\":\"BAE5A686B0121A60\"},\"message\":{\"extendedTextMessage\":{\"text\":\"Hi Vinay Kumar, New booking request recieved with ref id - 125 . Please take action on this booking id 125 http:\\\/\\\/narayan.rudras.in\\\/staff\\\/login.\"}},\"messageTimestamp\":\"1693542231\"}}","error":""}  2023-09-01 04:23:51 App\Listeners\SendNotificationFired .... 2,584.39ms DONE
  2023-09-01 04:51:29 App\Listeners\SendNotificationFired ............ RUNNING
{"resp":"{\"status\":\"success\",\"message\":{\"key\":{\"remoteJid\":\"919015060019@c.us\",\"fromMe\":true,\"id\":\"BAE53F13386A5BF5\"},\"message\":{\"extendedTextMessage\":{\"text\":\"Dear Narayan,\\n Your booking 124 for Raifu on 01 Sep 2023, 10:42:00 has been confirmed, for any update or change please contact Vinay Kumar 919999477551\\nThank you for your booking !!\"}},\"messageTimestamp\":\"1693543893\"}}","error":""}  2023-09-01 04:51:33 App\Listeners\SendNotificationFired .... 4,023.70ms DONE
  2023-09-01 05:32:19 App\Listeners\SendNotificationFired ............ RUNNING
{"resp":"{\"status\":\"success\"}","error":""}  2023-09-01 05:32:23 App\Listeners\SendNotificationFired .... 3,993.77ms DONE
  2023-09-01 05:32:23 App\Listeners\SendNotificationFired ............ RUNNING
{"resp":"{\"status\":\"success\",\"message\":{\"key\":{\"remoteJid\":\"919999477551@c.us\",\"fromMe\":true,\"id\":\"BAE5FC101F25E505\"},\"message\":{\"extendedTextMessage\":{\"text\":\"Hi Vinay Kumar, New booking request recieved with ref id - 126 . Please take action on this booking id 126 http:\\\/\\\/narayan.rudras.in\\\/staff\\\/login.\"}},\"messageTimestamp\":\"1693546346\"}}","error":""}  2023-09-01 05:32:26 App\Listeners\SendNotificationFired .... 2,473.02ms DONE
  2023-09-01 06:03:36 App\Listeners\SendNotificationFired ............ RUNNING
{"resp":"{\"status\":\"success\",\"message\":{\"key\":{\"remoteJid\":\"919711305799@c.us\",\"fromMe\":true,\"id\":\"BAE5D31A0052C473\"},\"message\":{\"extendedTextMessage\":{\"text\":\"Thank you for booking with ref id - 131. We will shortly inform you about the confirmation of your table.\"}},\"messageTimestamp\":\"1693548220\"}}","error":""}  2023-09-01 06:03:40 App\Listeners\SendNotificationFired .... 3,806.58ms DONE
  2023-09-01 06:03:40 App\Listeners\SendNotificationFired ............ RUNNING
{"resp":"{\"status\":\"success\",\"message\":{\"key\":{\"remoteJid\":\"919999477551@c.us\",\"fromMe\":true,\"id\":\"BAE5C85296E3FD32\"},\"message\":{\"extendedTextMessage\":{\"text\":\"Hi Vinay Kumar, New booking request recieved with ref id - 131 . Please take action on this booking id 131 http:\\\/\\\/narayan.rudras.in\\\/staff\\\/login.\"}},\"messageTimestamp\":\"1693548222\"}}","error":""}  2023-09-01 06:03:42 App\Listeners\SendNotificationFired .... 2,399.16ms DONE
  2023-09-01 06:58:02 App\Listeners\SendNotificationFired ............ RUNNING
{"resp":"[]","error":""}  2023-09-01 06:58:06 App\Listeners\SendNotificationFired .... 4,033.29ms DONE
  2023-09-01 06:58:06 App\Listeners\SendNotificationFired ............ RUNNING
{"resp":"[]","error":""}  2023-09-01 06:58:08 App\Listeners\SendNotificationFired .... 2,465.36ms DONE
  2023-09-01 07:25:18 App\Listeners\SendNotificationFired ............ RUNNING
{"resp":"{\"status\":\"success\",\"message\":{\"key\":{\"remoteJid\":\"919205070834@c.us\",\"fromMe\":true,\"id\":\"BAE5BD12A0EB38F9\"},\"message\":{\"extendedTextMessage\":{\"text\":\"Dear Mis Kaide  San,\\n Your booking ref id - 132 for Raifu on 02 Sep 2023, 18:30:00 has been confirmed, for any update or change please contact Vinay Kumar 919999477551\\nThank you for your booking !!\"}},\"messageTimestamp\":\"1693553122\"}}","error":""}  2023-09-01 07:25:22 App\Listeners\SendNotificationFired .... 4,020.54ms DONE
  2023-09-01 08:49:19 App\Listeners\SendNotificationFired ............ RUNNING
{"resp":"{\"status\":\"success\",\"message\":{\"key\":{\"remoteJid\":\"919205070834@c.us\",\"fromMe\":true,\"id\":\"BAE5DD93F2C7686A\"},\"message\":{\"extendedTextMessage\":{\"text\":\"Thank you for booking with ref id - 133. We will shortly inform you about the confirmation of your table.\"}},\"messageTimestamp\":\"1693558163\"}}","error":""}  2023-09-01 08:49:23 App\Listeners\SendNotificationFired .... 4,327.01ms DONE
  2023-09-01 08:49:23 App\Listeners\SendNotificationFired ............ RUNNING
  2023-09-01 08:50:25 App\Listeners\SendNotificationFired ... 62,218.45ms FAIL

   INFO  No scheduled tasks have been defined.  

  2023-09-16 06:54:26 App\Listeners\SendNotificationFired ............ RUNNING
Undefined variable $female (View: /var/www/html/diapark/resources/views/content/staff.blade.php){"resp":"{\"status\":\"success\",\"message\":{\"key\":{\"remoteJid\":\"919999477551@c.us\",\"fromMe\":true,\"id\":\"BAE577E99E0CBEA6\"},\"message\":{\"extendedTextMessage\":{\"text\":\"Hi F & B Team, New booking request recieved with ref id - 147 . Please take action on this booking id 147 http:\\\/\\\/narayan.rudras.in\\\/staff\\\/login.\"}},\"messageTimestamp\":\"1694847267\"}}","error":""}  2023-09-16 06:54:28 App\Listeners\SendNotificationFired .... 1,457.62ms DONE
